--------- beginning of main
10-07 22:28:47.893 I/nmapsghostrepr( 7439): Late-enabling -Xcheck:jni
10-07 22:28:47.936 I/nmapsghostrepr( 7439): The ClassLoaderContext is a special shared library.
10-07 22:28:48.135 W/nmapsghostrepr( 7439): Accessing hidden field Landroid/os/Trace;->TRACE_TAG_APP:J (light greylist, reflection)
10-07 22:28:48.135 W/nmapsghostrepr( 7439): Accessing hidden method Landroid/os/Trace;->isTagEnabled(J)Z (light greylist, reflection)
10-07 22:28:48.138 D/WM-WrkMgrInitializer( 7439): Initializing WorkManager with default configuration.
10-07 22:28:48.151 D/WM-PackageManagerHelper( 7439): Skipping component enablement for androidx.work.impl.background.systemjob.SystemJobService
10-07 22:28:48.151 D/WM-Schedulers( 7439): Created SystemJobScheduler and enabled SystemJobService
10-07 22:28:48.155 W/SoLoader( 7439): Initializing SoLoader: 0
10-07 22:28:48.155 W/SoLoader( 7439): Recording new base apk path: /data/app/com.rnmapsghostrepro-9KpA4BktLubdorO9d6GL-A==/base.apk
10-07 22:28:48.155 W/SoLoader( 7439): Previously recorded 0 base apk paths.
10-07 22:28:48.155 I/SoLoader( 7439): Preparing SO source: DirectorySoSource[root = /vendor/lib64 flags = 2]
10-07 22:28:48.156 I/SoLoader( 7439): Preparing SO source: DirectorySoSource[root = /system/lib64 flags = 2]
10-07 22:28:48.156 I/SoLoader( 7439): Preparing SO source: DirectApkSoSource[root = [/data/app/com.rnmapsghostrepro-9KpA4BktLubdorO9d6GL-A==/base.apk!/lib/arm64-v8a]]
10-07 22:28:48.163 I/SoLoader( 7439): Preparing SO source: ApplicationSoSource[DirectorySoSource[root = /data/app/com.rnmapsghostrepro-9KpA4BktLubdorO9d6GL-A==/lib/arm64 flags = 0]]
10-07 22:28:48.164 I/SoLoader( 7439): init finish: 4 SO sources prepared
10-07 22:28:48.164 W/SoLoader( 7439): SoLoader initialized: 8
10-07 22:28:48.172 W/linker  ( 7439): Warning: "/data/app/com.rnmapsghostrepro-9KpA4BktLubdorO9d6GL-A==/base.apk!/lib/arm64-v8a/libc++_shared.so" unused DT entry: unknown processor-specific (type 0x70000001 arg 0x0) (ignoring)
10-07 22:28:48.188 D/jni_lib_merge( 7439): Entering merged library JNI_OnLoad.
10-07 22:28:48.188 D/jni_lib_merge( 7439): Preparing 12 pre-merged libs (including stub)
10-07 22:28:48.188 D/jni_lib_merge( 7439): Preparing to register libfabricjni_so.  onload_func: 0x7ec0f2fce0
10-07 22:28:48.188 D/jni_lib_merge( 7439): Preparing to register libreact_devsupportjni_so.  onload_func: 0x7ec1129fc8
10-07 22:28:48.188 D/jni_lib_merge( 7439): Preparing to register libreact_featureflagsjni_so.  onload_func: 0x7ec1138518
10-07 22:28:48.188 D/jni_lib_merge( 7439): Preparing to register libreact_newarchdefaults_so.  onload_func: 0x7ec11a06a8
10-07 22:28:48.188 D/jni_lib_merge( 7439): Preparing to register libreactnativeblob_so.  onload_func: 0x7ec1390cb4
10-07 22:28:48.188 D/jni_lib_merge( 7439): Preparing to register libreactnativejni_so.  onload_func: 0x7ec13de6bc
10-07 22:28:48.188 D/jni_lib_merge( 7439): Preparing to register libreactnativejni_common_so.  onload_func: 0x7ec13ef044
10-07 22:28:48.188 D/jni_lib_merge( 7439): Preparing to register librninstance_so.  onload_func: 0x7ec1436764
10-07 22:28:48.188 D/jni_lib_merge( 7439): Preparing to register libturbomodulejsijni_so.  onload_func: 0x7ec154efa8
10-07 22:28:48.188 D/jni_lib_merge( 7439): Preparing to register libuimanagerjni_so.  onload_func: 0x7ec1567ff8
10-07 22:28:48.188 D/jni_lib_merge( 7439): Preparing to register libyoga_so.  onload_func: 0x7ec1577a7c
10-07 22:28:48.188 D/jni_lib_merge( 7439): About to register 11 actual methods.
10-07 22:28:48.219 D/AppCompatDelegate( 7439): Checking for metadata for AppLocalesMetadataHolderService : Service not found
10-07 22:28:48.224 W/nmapsghostrepr( 7439): Accessing hidden field Landroid/graphics/Insets;->left:I (light greylist, linking)
10-07 22:28:48.224 W/nmapsghostrepr( 7439): Accessing hidden field Landroid/graphics/Insets;->top:I (light greylist, linking)
10-07 22:28:48.224 W/nmapsghostrepr( 7439): Accessing hidden field Landroid/graphics/Insets;->right:I (light greylist, linking)
10-07 22:28:48.224 W/nmapsghostrepr( 7439): Accessing hidden field Landroid/graphics/Insets;->bottom:I (light greylist, linking)
10-07 22:28:48.228 D/jni_lib_merge( 7439): Entering merged library JNI_OnLoad.
10-07 22:28:48.228 D/jni_lib_merge( 7439): Preparing 4 pre-merged libs (including stub)
10-07 22:28:48.228 D/jni_lib_merge( 7439): Preparing to register libhermes_executor_so.  onload_func: 0x7ec17ef7e0
10-07 22:28:48.228 D/jni_lib_merge( 7439): Preparing to register libhermesinstancejni_so.  onload_func: 0x7ec182526c
10-07 22:28:48.228 D/jni_lib_merge( 7439): Preparing to register libjsijniprofiler_so.  onload_func: 0x7ec18272bc
10-07 22:28:48.228 D/jni_lib_merge( 7439): About to register 3 actual methods.
10-07 22:28:48.253 W/nmapsghostrepr( 7439): Accessing hidden method Lcom/android/org/conscrypt/OpenSSLSocketImpl;->setUseSessionTickets(Z)V (light greylist, reflection)
10-07 22:28:48.253 W/nmapsghostrepr( 7439): Accessing hidden method Lcom/android/org/conscrypt/OpenSSLSocketImpl;->setHostname(Ljava/lang/String;)V (light greylist, reflection)
10-07 22:28:48.253 W/nmapsghostrepr( 7439): Accessing hidden method Lcom/android/org/conscrypt/OpenSSLSocketImpl;->getAlpnSelectedProtocol()[B (light greylist, reflection)
10-07 22:28:48.253 W/nmapsghostrepr( 7439): Accessing hidden method Lcom/android/org/conscrypt/OpenSSLSocketImpl;->setAlpnProtocols([B)V (light greylist, reflection)
10-07 22:28:48.254 W/nmapsghostrepr( 7439): Accessing hidden method Ldalvik/system/CloseGuard;->get()Ldalvik/system/CloseGuard; (light greylist, reflection)
10-07 22:28:48.254 W/nmapsghostrepr( 7439): Accessing hidden method Ldalvik/system/CloseGuard;->open(Ljava/lang/String;)V (light greylist, reflection)
10-07 22:28:48.254 W/nmapsghostrepr( 7439): Accessing hidden method Ldalvik/system/CloseGuard;->warnIfOpen()V (light greylist, reflection)
10-07 22:28:48.254 D/NetworkSecurityConfig( 7439): No Network Security Config specified, using platform default
10-07 22:28:48.262 W/unknown:BridgelessReact( 7439): ReactHost{0}.startSurface(surfaceId = 0): Schedule
10-07 22:28:48.262 W/unknown:BridgelessReact( 7439): ReactHost{0}.attachSurface(surfaceId = 0)
10-07 22:28:48.262 W/unknown:BridgelessReact( 7439): ReactHost{0}.getOrCreateReactInstanceTask()
10-07 22:28:48.262 W/unknown:BridgelessReact( 7439): ReactHost{0}.getOrCreateReactInstanceTask(): Start
10-07 22:28:48.262 W/unknown:BridgelessReact( 7439): ReactHost{0}.getJSBundleLoader()
10-07 22:28:48.262 W/unknown:BridgelessReact( 7439): ReactHost{0}.isMetroRunning()
10-07 22:28:48.270 W/nmapsghostrepr( 7439): Accessing hidden method Landroid/view/ViewGroup;->makeOptionalFitsSystemWindows()V (light greylist, reflection)
10-07 22:28:48.278 W/unknown:BridgelessReact( 7439): ReactHost{0}.onHostResume(activity)
10-07 22:28:48.278 W/unknown:ReactNative( 7439): Packager connection already open, nooping.
10-07 22:28:48.278 D/OpenGLRenderer( 7439): Skia GL Pipeline
10-07 22:28:48.282 W/unknown:BridgelessReact( 7439): ReactHost{0}.isMetroRunning(): Async result = true
10-07 22:28:48.282 W/unknown:BridgelessReact( 7439): ReactHost{0}.loadJSBundleFromMetro()
10-07 22:28:48.291 D/HostConnection( 7439): HostConnection::get() New Host Connection established 0x7ed3679ee0, tid 7473
10-07 22:28:48.300 D/HostConnection( 7439): HostComposition ext ANDROID_EMU_CHECKSUM_HELPER_v1 ANDROID_EMU_sync_buffer_data GL_OES_EGL_image_external_essl3 GL_OES_vertex_array_object ANDROID_EMU_host_side_tracing ANDROID_EMU_gles_max_version_3_0 
10-07 22:28:48.303 I/ConfigStore( 7439): android::hardware::configstore::V1_0::ISurfaceFlingerConfigs::hasWideColorDisplay retrieved: 0
10-07 22:28:48.303 I/ConfigStore( 7439): android::hardware::configstore::V1_0::ISurfaceFlingerConfigs::hasHDRDisplay retrieved: 0
10-07 22:28:48.303 I/OpenGLRenderer( 7439): Initialized EGL, version 1.4
10-07 22:28:48.303 D/OpenGLRenderer( 7439): Swap behavior 1
10-07 22:28:48.303 W/OpenGLRenderer( 7439): Failed to choose config with EGL_SWAP_BEHAVIOR_PRESERVED, retrying without...
10-07 22:28:48.303 D/OpenGLRenderer( 7439): Swap behavior 0
10-07 22:28:48.304 D/eglCodecCommon( 7439): setVertexArrayObject: set vao to 0 (0) 0 0
10-07 22:28:48.304 D/EGL_emulation( 7439): eglCreateContext: 0x7ed367a160: maj 3 min 0 rcv 3
10-07 22:28:48.305 D/EGL_emulation( 7439): eglMakeCurrent: 0x7ed367a160: ver 3 0 (tinfo 0x7ed36cc640)
10-07 22:28:48.310 D/HostConnection( 7439): createUnique: call
10-07 22:28:48.310 D/HostConnection( 7439): HostConnection::get() New Host Connection established 0x7ed367a3e0, tid 7473
10-07 22:28:48.318 D/HostConnection( 7439): HostComposition ext ANDROID_EMU_CHECKSUM_HELPER_v1 ANDROID_EMU_sync_buffer_data GL_OES_EGL_image_external_essl3 GL_OES_vertex_array_object ANDROID_EMU_host_side_tracing ANDROID_EMU_gles_max_version_3_0 
10-07 22:28:48.324 W/unknown:BridgelessReact( 7439): ReactHost{0}.raiseSoftException(onWindowFocusChange(hasFocus = "true")): Tried to access onWindowFocusChange while context is not ready
10-07 22:28:48.325 E/unknown:ReactHost( 7439): Unhandled SoftException
10-07 22:28:48.325 E/unknown:ReactHost( 7439): com.facebook.react.bridge.ReactNoCrashSoftException: raiseSoftException(onWindowFocusChange(hasFocus = "true")): Tried to access onWindowFocusChange while context is not ready
10-07 22:28:48.325 E/unknown:ReactHost( 7439): 	at com.facebook.react.runtime.ReactHostImpl.raiseSoftException(ReactHostImpl.kt:787)
10-07 22:28:48.325 E/unknown:ReactHost( 7439): 	at com.facebook.react.runtime.ReactHostImpl.raiseSoftException$default(ReactHostImpl.kt:779)
10-07 22:28:48.325 E/unknown:ReactHost( 7439): 	at com.facebook.react.runtime.ReactHostImpl.onWindowFocusChange(ReactHostImpl.kt:589)
10-07 22:28:48.325 E/unknown:ReactHost( 7439): 	at com.facebook.react.ReactDelegate.onWindowFocusChanged(ReactDelegate.kt:217)
10-07 22:28:48.325 E/unknown:ReactHost( 7439): 	at com.facebook.react.ReactActivityDelegate.onWindowFocusChanged(ReactActivityDelegate.java:235)
10-07 22:28:48.325 E/unknown:ReactHost( 7439): 	at com.facebook.react.ReactActivity.onWindowFocusChanged(ReactActivity.java:158)
10-07 22:28:48.325 E/unknown:ReactHost( 7439): 	at androidx.appcompat.view.WindowCallbackWrapper.onWindowFocusChanged(WindowCallbackWrapper.java:124)
10-07 22:28:48.325 E/unknown:ReactHost( 7439): 	at com.android.internal.policy.DecorView.onWindowFocusChanged(DecorView.java:1518)
10-07 22:28:48.325 E/unknown:ReactHost( 7439): 	at android.view.View.dispatchWindowFocusChanged(View.java:12766)
10-07 22:28:48.325 E/unknown:ReactHost( 7439): 	at android.view.ViewGroup.dispatchWindowFocusChanged(ViewGroup.java:1456)
10-07 22:28:48.325 E/unknown:ReactHost( 7439): 	at android.view.ViewRootImpl.handleWindowFocusChanged(ViewRootImpl.java:2581)
10-07 22:28:48.325 E/unknown:ReactHost( 7439): 	at android.view.ViewRootImpl.access$900(ViewRootImpl.java:132)
10-07 22:28:48.325 E/unknown:ReactHost( 7439): 	at android.view.ViewRootImpl$ViewRootHandler.handleMessage(ViewRootImpl.java:4175)
10-07 22:28:48.325 E/unknown:ReactHost( 7439): 	at android.os.Handler.dispatchMessage(Handler.java:106)
10-07 22:28:48.325 E/unknown:ReactHost( 7439): 	at android.os.Looper.loop(Looper.java:193)
10-07 22:28:48.325 E/unknown:ReactHost( 7439): 	at android.app.ActivityThread.main(ActivityThread.java:6669)
10-07 22:28:48.325 E/unknown:ReactHost( 7439): 	at java.lang.reflect.Method.invoke(Native Method)
10-07 22:28:48.325 E/unknown:ReactHost( 7439): 	at com.android.internal.os.RuntimeInit$MethodAndArgsCaller.run(RuntimeInit.java:493)
10-07 22:28:48.325 E/unknown:ReactHost( 7439): 	at com.android.internal.os.ZygoteInit.main(ZygoteInit.java:858)
10-07 22:28:48.332 D/EGL_emulation( 7439): eglMakeCurrent: 0x7ed367a160: ver 3 0 (tinfo 0x7ed36cc640)
10-07 22:28:48.333 D/eglCodecCommon( 7439): setVertexArrayObject: set vao to 0 (0) 1 2
10-07 22:28:48.388 D/EGL_emulation( 7439): eglMakeCurrent: 0x7ed367a160: ver 3 0 (tinfo 0x7ed36cc640)
10-07 22:28:48.443 W/unknown:BridgelessReact( 7439): ReactHost{0}.loadJSBundleFromMetro(): Creating BundleLoader
10-07 22:28:48.444 W/unknown:BridgelessReact( 7439): ReactHost{0}.getOrCreateReactContext(): Creating BridgelessReactContext
10-07 22:28:48.444 D/EGL_emulation( 7439): eglMakeCurrent: 0x7ed367a160: ver 3 0 (tinfo 0x7ed36cc640)
10-07 22:28:48.444 W/unknown:BridgelessReact( 7439): ReactHost{0}.getOrCreateReactInstanceTask(): Creating ReactInstance
10-07 22:28:48.458 W/nmapsghostrepr( 7439): Accessing hidden method Landroid/view/View;->setAnimationMatrix(Landroid/graphics/Matrix;)V (light greylist, linking)
10-07 22:28:48.471 W/unknown:BridgelessReact( 7439): ReactHost{0}.getOrCreateReactInstanceTask(): Loading JS Bundle
10-07 22:28:48.477 W/unknown:BridgelessReact( 7439): ReactHost{0}.getOrCreateReactInstanceTask(): Calling DevSupportManagerBase.onNewReactContextCreated(reactContext)
10-07 22:28:48.479 W/unknown:ReactNative( 7439): Packager connection already open, nooping.
10-07 22:28:48.479 W/unknown:BridgelessReact( 7439): ReactHost{0}.startSurface(surfaceId = 0): Execute
10-07 22:28:48.479 W/unknown:BridgelessReact( 7439): ReactContext.onHostResume()
10-07 22:28:48.479 W/unknown:BridgelessReact( 7439): ReactHost{0}.getOrCreateReactInstanceTask(): Executing ReactInstanceEventListeners
10-07 22:28:48.560 I/WebViewFactory( 7439): Loading com.google.android.webview version 66.0.3359.158 (code 336015855)
10-07 22:28:48.564 I/nmapsghostrepr( 7439): The ClassLoaderContext is a special shared library.
10-07 22:28:48.575 I/cr_LibraryLoader( 7439): Time to load native libraries: 1 ms (timestamps 4427-4428)
10-07 22:28:48.578 I/chromium( 7439): [INFO:library_loader_hooks.cc(36)] Chromium logging enabled: level = 0, default verbosity = 0
10-07 22:28:48.578 I/cr_LibraryLoader( 7439): Expected native library version number "66.0.3359.158", actual native library version number "66.0.3359.158"
10-07 22:28:48.580 W/unknown:ViewManagerPropertyUpdater( 7439): Could not find generated setter for class com.th3rdwave.safeareacontext.SafeAreaProviderManager
10-07 22:28:48.583 W/unknown:ViewManagerPropertyUpdater( 7439): Could not find generated setter for class com.facebook.react.uimanager.LayoutShadowNode
10-07 22:28:48.584 W/unknown:ViewManagerPropertyUpdater( 7439): Could not find generated setter for class com.rnmaps.maps.MapGradientPolylineManager
10-07 22:28:48.585 W/unknown:ViewManagerPropertyUpdater( 7439): Could not find generated setter for class com.rnmaps.maps.MapHeatmapManager
10-07 22:28:48.586 W/unknown:ViewManagerPropertyUpdater( 7439): Could not find generated setter for class com.rnmaps.fabric.CalloutManager
10-07 22:28:48.587 W/unknown:ViewManagerPropertyUpdater( 7439): Could not find generated setter for class com.rnmaps.fabric.OverlayManager
10-07 22:28:48.587 W/unknown:ViewManagerPropertyUpdater( 7439): Could not find generated setter for class com.rnmaps.maps.MapLocalTileManager
10-07 22:28:48.589 W/unknown:ViewManagerPropertyUpdater( 7439): Could not find generated setter for class com.rnmaps.fabric.MapViewManager
10-07 22:28:48.590 W/unknown:ViewManagerPropertyUpdater( 7439): Could not find generated setter for class com.rnmaps.fabric.UrlTileManager
10-07 22:28:48.590 W/unknown:ViewManagerPropertyUpdater( 7439): Could not find generated setter for class com.rnmaps.fabric.MarkerManager
10-07 22:28:48.591 W/unknown:ViewManagerPropertyUpdater( 7439): Could not find generated setter for class com.rnmaps.fabric.WMSTileManager
10-07 22:28:48.591 W/unknown:ViewManagerPropertyUpdater( 7439): Could not find generated setter for class com.th3rdwave.safeareacontext.SafeAreaViewManager
10-07 22:28:48.592 W/unknown:ViewManagerPropertyUpdater( 7439): Could not find generated setter for class com.th3rdwave.safeareacontext.SafeAreaViewShadowNode
10-07 22:28:48.593 W/unknown:ViewManagerPropertyUpdater( 7439): Could not find generated setter for class com.rnmaps.fabric.PolylineManager
10-07 22:28:48.593 W/unknown:ViewManagerPropertyUpdater( 7439): Could not find generated setter for class com.rnmaps.fabric.PolygonManager
10-07 22:28:48.594 W/unknown:ViewManagerPropertyUpdater( 7439): Could not find generated setter for class com.rnmaps.fabric.CircleManager
10-07 22:28:48.607 W/unknown:ViewManagerPropertyUpdater( 7439): Could not find generated setter for class com.facebook.react.views.debuggingoverlay.DebuggingOverlayManager
10-07 22:28:48.608 W/unknown:ViewManagerPropertyUpdater( 7439): Could not find generated setter for class com.facebook.react.views.safeareaview.ReactSafeAreaViewManager
10-07 22:28:48.608 W/unknown:ViewManagerPropertyUpdater( 7439): Could not find generated setter for class com.facebook.react.views.safeareaview.ReactSafeAreaViewShadowNode
10-07 22:28:48.610 W/unknown:ViewManagerPropertyUpdater( 7439): Could not find generated setter for class com.facebook.react.views.modal.ReactModalHostManager
10-07 22:28:48.611 W/unknown:ViewManagerPropertyUpdater( 7439): Could not find generated setter for class com.facebook.react.views.text.frescosupport.FrescoBasedReactTextInlineImageViewManager
10-07 22:28:48.611 W/unknown:ViewManagerPropertyUpdater( 7439): Could not find generated setter for class com.facebook.react.views.text.frescosupport.FrescoBasedReactTextInlineImageShadowNode
10-07 22:28:48.613 W/unknown:ViewManagerPropertyUpdater( 7439): Could not find generated setter for class com.facebook.react.views.progressbar.ReactProgressBarViewManager
10-07 22:28:48.613 W/unknown:ViewManagerPropertyUpdater( 7439): Could not find generated setter for class com.facebook.react.views.progressbar.ProgressBarShadowNode
10-07 22:28:48.615 W/unknown:ViewManagerPropertyUpdater( 7439): Could not find generated setter for class com.facebook.react.views.scroll.ReactHorizontalScrollViewManager
10-07 22:28:48.617 W/unknown:ViewManagerPropertyUpdater( 7439): Could not find generated setter for class com.facebook.react.views.image.ReactImageManager
10-07 22:28:48.619 W/unknown:ViewManagerPropertyUpdater( 7439): Could not find generated setter for class com.facebook.react.views.text.ReactTextViewManager
10-07 22:28:48.620 W/unknown:ViewManagerPropertyUpdater( 7439): Could not find generated setter for class com.facebook.react.views.text.ReactTextShadowNode
10-07 22:28:48.622 W/unknown:ViewManagerPropertyUpdater( 7439): Could not find generated setter for class com.facebook.react.views.scroll.ReactHorizontalScrollContainerViewManager
10-07 22:28:48.623 W/unknown:ViewManagerPropertyUpdater( 7439): Could not find generated setter for class com.facebook.react.views.unimplementedview.ReactUnimplementedViewManager
10-07 22:28:48.624 W/unknown:ViewManagerPropertyUpdater( 7439): Could not find generated setter for class com.facebook.react.views.scroll.ReactScrollViewManager
10-07 22:28:48.626 W/unknown:ViewManagerPropertyUpdater( 7439): Could not find generated setter for class com.facebook.react.views.view.ReactViewManager
10-07 22:28:48.628 W/unknown:ViewManagerPropertyUpdater( 7439): Could not find generated setter for class com.facebook.react.views.drawer.ReactDrawerLayoutManager
10-07 22:28:48.629 W/unknown:ViewManagerPropertyUpdater( 7439): Could not find generated setter for class com.facebook.react.views.switchview.ReactSwitchManager
10-07 22:28:48.629 W/unknown:ViewManagerPropertyUpdater( 7439): Could not find generated setter for class com.facebook.react.views.switchview.ReactSwitchShadowNode
10-07 22:28:48.630 W/unknown:ViewManagerPropertyUpdater( 7439): Could not find generated setter for class com.facebook.react.views.text.ReactVirtualTextViewManager
10-07 22:28:48.631 W/unknown:ViewManagerPropertyUpdater( 7439): Could not find generated setter for class com.facebook.react.views.text.ReactVirtualTextShadowNode
10-07 22:28:48.632 W/unknown:ViewManagerPropertyUpdater( 7439): Could not find generated setter for class com.facebook.react.views.swiperefresh.SwipeRefreshLayoutManager
10-07 22:28:48.633 W/unknown:ViewManagerPropertyUpdater( 7439): Could not find generated setter for class com.facebook.react.views.text.ReactRawTextManager
10-07 22:28:48.633 W/unknown:ViewManagerPropertyUpdater( 7439): Could not find generated setter for class com.facebook.react.views.text.ReactRawTextShadowNode
10-07 22:28:48.634 W/unknown:ViewManagerPropertyUpdater( 7439): Could not find generated setter for class com.facebook.react.views.textinput.ReactTextInputManager
10-07 22:28:48.635 W/unknown:ViewManagerPropertyUpdater( 7439): Could not find generated setter for class com.facebook.react.views.textinput.ReactTextInputShadowNode
10-07 22:28:48.680 I/ReactNativeJS( 7439): Running "rnmapsGhostRepro" with {"rootTag":1,"initialProps":{},"fabric":true}
10-07 22:28:48.778 W/nmapsghostrepr( 7439): Accessing hidden method Landroid/os/Trace;->asyncTraceBegin(JLjava/lang/String;I)V (light greylist, reflection)
10-07 22:28:48.778 W/nmapsghostrepr( 7439): Accessing hidden method Landroid/os/Trace;->asyncTraceEnd(JLjava/lang/String;I)V (light greylist, reflection)
10-07 22:28:48.778 W/nmapsghostrepr( 7439): Accessing hidden method Landroid/os/Trace;->traceCounter(JLjava/lang/String;I)V (light greylist, reflection)
10-07 22:28:48.785 W/nmapsghostrepr( 7439): Accessing hidden method Landroid/graphics/FontFamily;-><init>()V (light greylist, reflection)
10-07 22:28:48.785 W/nmapsghostrepr( 7439): Accessing hidden method Landroid/graphics/FontFamily;->addFontFromAssetManager(Landroid/content/res/AssetManager;Ljava/lang/String;IZIII[Landroid/graphics/fonts/FontVariationAxis;)Z (light greylist, reflection)
10-07 22:28:48.785 W/nmapsghostrepr( 7439): Accessing hidden method Landroid/graphics/FontFamily;->addFontFromBuffer(Ljava/nio/ByteBuffer;I[Landroid/graphics/fonts/FontVariationAxis;II)Z (light greylist, reflection)
10-07 22:28:48.785 W/nmapsghostrepr( 7439): Accessing hidden method Landroid/graphics/FontFamily;->freeze()Z (light greylist, reflection)
10-07 22:28:48.785 W/nmapsghostrepr( 7439): Accessing hidden method Landroid/graphics/FontFamily;->abortCreation()V (light greylist, reflection)
10-07 22:28:48.785 W/nmapsghostrepr( 7439): Accessing hidden method Landroid/graphics/Typeface;->createFromFamiliesWithDefault([Landroid/graphics/FontFamily;Ljava/lang/String;II)Landroid/graphics/Typeface; (light greylist, reflection)
10-07 22:28:48.792 D/MapsInitializer( 7439): preferredRenderer: LATEST
10-07 22:28:48.792 D/zzcc    ( 7439): preferredRenderer: LATEST
10-07 22:28:48.793 I/zzcc    ( 7439): Making Creator dynamically
10-07 22:28:48.796 W/DynamiteModule( 7439): Local module descriptor class for com.google.android.gms.maps_core_dynamite not found.
10-07 22:28:48.796 I/DynamiteModule( 7439): Considering local module com.google.android.gms.maps_core_dynamite:0 and remote module com.google.android.gms.maps_core_dynamite:0
10-07 22:28:48.796 D/zzcc    ( 7439): Attempting to load maps_dynamite again.
10-07 22:28:48.796 W/nmapsghostrepr( 7439): Unsupported class loader
10-07 22:28:48.798 W/nmapsghostrepr( 7439): Skipping duplicate class check due to unsupported classloader
10-07 22:28:48.798 I/DynamiteModule( 7439): Considering local module com.google.android.gms.maps_dynamite:0 and remote module com.google.android.gms.maps_dynamite:203115000
10-07 22:28:48.798 I/DynamiteModule( 7439): Selected remote version of com.google.android.gms.maps_dynamite, version >= 203115000
10-07 22:28:48.798 V/DynamiteModule( 7439): Dynamite loader version >= 2, using loadModule2NoCrashUtils
10-07 22:28:48.800 W/nmapsghostrepr( 7439): Unknown chunk type '200'.
10-07 22:28:48.803 W/nmapsghostrepr( 7439): Unsupported class loader
10-07 22:28:48.804 W/nmapsghostrepr( 7439): Skipping duplicate class check due to unsupported classloader
10-07 22:28:48.806 D/zzcc    ( 7439): not early loading native code
10-07 22:28:48.809 I/Google Maps Android API( 7439): Google Play services client version: 19010000
10-07 22:28:48.817 W/nmapsghostrepr( 7439): Accessing hidden field Ljava/nio/Buffer;->address:J (light greylist, reflection)
10-07 22:28:48.818 I/Google Maps Android API( 7439): Google Play services package version: 214515028
10-07 22:28:48.818 I/Google Maps Android API( 7439): Google Play services maps renderer version(legacy): 203115000
10-07 22:28:48.852 D/MapsInitializer( 7439): loadedRenderer: LEGACY
10-07 22:28:48.852 D/AirMapRenderer( 7439): Init with renderer: LEGACY
10-07 22:28:48.857 W/nmapsghostrepr( 7439): Accessing hidden field Landroid/view/View;->mAccessibilityDelegate:Landroid/view/View$AccessibilityDelegate; (light greylist, reflection)
10-07 22:28:48.863 I/bf      ( 7439): Successfully registered with Phenotype.
10-07 22:28:48.965 D/MapsInitializer( 7439): preferredRenderer: null
10-07 22:28:48.965 D/zzcc    ( 7439): preferredRenderer: null
10-07 22:28:48.966 I/Google Maps Android API( 7439): Google Play services package version: 214515028
10-07 22:28:48.966 I/Google Maps Android API( 7439): Google Play services maps renderer version(legacy): 203115000
10-07 22:28:49.020 D/HostConnection( 7439): HostConnection::get() New Host Connection established 0x7ebb85f840, tid 7524
10-07 22:28:49.022 D/HostConnection( 7439): HostComposition ext ANDROID_EMU_CHECKSUM_HELPER_v1 ANDROID_EMU_sync_buffer_data GL_OES_EGL_image_external_essl3 GL_OES_vertex_array_object ANDROID_EMU_host_side_tracing ANDROID_EMU_gles_max_version_3_0 
10-07 22:28:49.023 D/eglCodecCommon( 7439): setVertexArrayObject: set vao to 0 (0) 0 0
10-07 22:28:49.023 D/EGL_emulation( 7439): eglCreateContext: 0x7ebb85f8e0: maj 1 min 0 rcv 1
10-07 22:28:49.023 D/EGL_emulation( 7439): eglMakeCurrent: 0x7ed367a160: ver 3 0 (tinfo 0x7ed36cc640)
10-07 22:28:49.034 D/EGL_emulation( 7439): eglMakeCurrent: 0x7ebb85f8e0: ver 1 0 (tinfo 0x7eb91e45c0)
10-07 22:28:49.171 I/nmapsghostrepr( 7439): Compiler allocated 4MB to compile void android.widget.TextView.<init>(android.content.Context, android.util.AttributeSet, int, int)
10-07 22:28:50.858 W/DynamiteModule( 7439): Local module descriptor class for com.google.android.gms.googlecertificates not found.
10-07 22:28:50.862 I/DynamiteModule( 7439): Considering local module com.google.android.gms.googlecertificates:0 and remote module com.google.android.gms.googlecertificates:6
10-07 22:28:50.862 I/DynamiteModule( 7439): Selected remote version of com.google.android.gms.googlecertificates, version >= 6
10-07 22:28:50.864 W/nmapsghostrepr( 7439): Unsupported class loader
10-07 22:28:50.865 W/nmapsghostrepr( 7439): Skipping duplicate class check due to unsupported classloader
10-07 22:28:50.890 W/ProtoDataStoreFlagStore( 7439): Unable to retrieve flag snapshot for com.google.android.libraries.consentverifier#com.rnmapsghostrepro, using defaults.
10-07 22:28:50.895 W/ProtoDataStoreFlagStore( 7439): Unable to update local snapshot for com.google.android.libraries.consentverifier#com.rnmapsghostrepro, may result in stale flags.
10-07 22:28:50.895 W/ProtoDataStoreFlagStore( 7439): java.util.concurrent.ExecutionException: java.lang.SecurityException: GoogleCertificatesRslt: Package signed with unknown certificate (go/gsrlt)
10-07 22:28:50.895 W/ProtoDataStoreFlagStore( 7439): 	at ago.s(:com.google.android.gms.dynamite_mapsdynamite@214515065@21.45.15 (100400-0):3)
10-07 22:28:50.895 W/ProtoDataStoreFlagStore( 7439): 	at ago.get(:com.google.android.gms.dynamite_mapsdynamite@214515065@21.45.15 (100400-0):2)
10-07 22:28:50.895 W/ProtoDataStoreFlagStore( 7439): 	at ais.a(:com.google.android.gms.dynamite_mapsdynamite@214515065@21.45.15 (100400-0):1)
10-07 22:28:50.895 W/ProtoDataStoreFlagStore( 7439): 	at ahy.g(:com.google.android.gms.dynamite_mapsdynamite@214515065@21.45.15 (100400-0):1)
10-07 22:28:50.895 W/ProtoDataStoreFlagStore( 7439): 	at wu.d(:com.google.android.gms.dynamite_mapsdynamite@214515065@21.45.15 (100400-0):1)
10-07 22:28:50.895 W/ProtoDataStoreFlagStore( 7439): 	at yb.run(:com.google.android.gms.dynamite_mapsdynamite@214515065@21.45.15 (100400-0):0)
10-07 22:28:50.895 W/ProtoDataStoreFlagStore( 7439): 	at java.util.concurrent.Executors$RunnableAdapter.call(Executors.java:458)
10-07 22:28:50.895 W/ProtoDataStoreFlagStore( 7439): 	at java.util.concurrent.FutureTask.run(FutureTask.java:266)
10-07 22:28:50.895 W/ProtoDataStoreFlagStore( 7439): 	at java.util.concurrent.ScheduledThreadPoolExecutor$ScheduledFutureTask.run(ScheduledThreadPoolExecutor.java:301)
10-07 22:28:50.895 W/ProtoDataStoreFlagStore( 7439): 	at java.util.concurrent.ThreadPoolExecutor.runWorker(ThreadPoolExecutor.java:1167)
10-07 22:28:50.895 W/ProtoDataStoreFlagStore( 7439): 	at java.util.concurrent.ThreadPoolExecutor$Worker.run(ThreadPoolExecutor.java:641)
10-07 22:28:50.895 W/ProtoDataStoreFlagStore( 7439): 	at java.lang.Thread.run(Thread.java:764)
10-07 22:28:50.895 W/ProtoDataStoreFlagStore( 7439): Caused by: java.lang.SecurityException: GoogleCertificatesRslt: Package signed with unknown certificate (go/gsrlt)
10-07 22:28:50.895 W/ProtoDataStoreFlagStore( 7439): 	at android.os.Parcel.createException(Parcel.java:1950)
10-07 22:28:50.895 W/ProtoDataStoreFlagStore( 7439): 	at android.os.Parcel.readException(Parcel.java:1918)
10-07 22:28:50.895 W/ProtoDataStoreFlagStore( 7439): 	at android.os.Parcel.readException(Parcel.java:1868)
10-07 22:28:50.895 W/ProtoDataStoreFlagStore( 7439): 	at ee.aZ(:com.google.android.gms.dynamite_mapsdynamite@214515065@21.45.15 (100400-0):2)
10-07 22:28:50.895 W/ProtoDataStoreFlagStore( 7439): 	at qs.a(:com.google.android.gms.dynamite_mapsdynamite@214515065@21.45.15 (100400-0):4)
10-07 22:28:50.895 W/ProtoDataStoreFlagStore( 7439): 	at ik.e(:com.google.android.gms.dynamite_mapsdynamite@214515065@21.45.15 (100400-0):2)
10-07 22:28:50.895 W/ProtoDataStoreFlagStore( 7439): 	at jj.t(:com.google.android.gms.dynamite_mapsdynamite@214515065@21.45.15 (100400-0):2)
10-07 22:28:50.895 W/ProtoDataStoreFlagStore( 7439): 	at jj.u(:com.google.android.gms.dynamite_mapsdynamite@214515065@21.45.15 (100400-0):3)
10-07 22:28:50.895 W/ProtoDataStoreFlagStore( 7439): 	at jj.e(:com.google.android.gms.dynamite_mapsdynamite@214515065@21.45.15 (100400-0):2)
10-07 22:28:50.895 W/ProtoDataStoreFlagStore( 7439): 	at jn.handleMessage(:com.google.android.gms.dynamite_mapsdynamite@214515065@21.45.15 (100400-0):69)
10-07 22:28:50.895 W/ProtoDataStoreFlagStore( 7439): 	at android.os.Handler.dispatchMessage(Handler.java:102)
10-07 22:28:50.895 W/ProtoDataStoreFlagStore( 7439): 	at android.os.Looper.loop(Looper.java:193)
10-07 22:28:50.895 W/ProtoDataStoreFlagStore( 7439): 	at android.os.HandlerThread.run(HandlerThread.java:65)
10-07 22:28:53.702 D/ProfileInstaller( 7439): Installing profile for com.rnmapsghostrepro
10-07 22:29:34.629 W/unknown:BridgelessReact( 7439): ReactHost{0}.getOrCreateReloadTask()
10-07 22:29:34.630 W/unknown:BridgelessReact( 7439): ReactHost{0}.raiseSoftException(getOrCreateReloadTask()): BridgelessDevSupportManager.handleReloadJS()
10-07 22:29:34.630 E/unknown:ReactHost( 7439): Unhandled SoftException
10-07 22:29:34.630 E/unknown:ReactHost( 7439): com.facebook.react.bridge.ReactNoCrashSoftException: raiseSoftException(getOrCreateReloadTask()): BridgelessDevSupportManager.handleReloadJS()
10-07 22:29:34.630 E/unknown:ReactHost( 7439): 	at com.facebook.react.runtime.ReactHostImpl.raiseSoftException(ReactHostImpl.kt:787)
10-07 22:29:34.630 E/unknown:ReactHost( 7439): 	at com.facebook.react.runtime.ReactHostImpl.raiseSoftException$default(ReactHostImpl.kt:779)
10-07 22:29:34.630 E/unknown:ReactHost( 7439): 	at com.facebook.react.runtime.ReactHostImpl.getOrCreateReloadTask(ReactHostImpl.kt:1169)
10-07 22:29:34.630 E/unknown:ReactHost( 7439): 	at com.facebook.react.runtime.ReactHostImpl.reload$lambda$7(ReactHostImpl.kt:374)
10-07 22:29:34.630 E/unknown:ReactHost( 7439): 	at com.facebook.react.runtime.ReactHostImpl.$r8$lambda$GojbfAZ9Zd8e_RImDRCRdgNgynE(Unknown Source:0)
10-07 22:29:34.630 E/unknown:ReactHost( 7439): 	at com.facebook.react.runtime.ReactHostImpl$$ExternalSyntheticLambda0.call(D8$$SyntheticClass:0)
10-07 22:29:34.630 E/unknown:ReactHost( 7439): 	at com.facebook.react.runtime.internal.bolts.Task$Companion.call$lambda$2(Task.kt:315)
10-07 22:29:34.630 E/unknown:ReactHost( 7439): 	at com.facebook.react.runtime.internal.bolts.Task$Companion.$r8$lambda$MFqd_-X5KhHmu0hvNE2Bec_4mJM(Unknown Source:0)
10-07 22:29:34.630 E/unknown:ReactHost( 7439): 	at com.facebook.react.runtime.internal.bolts.Task$Companion$$ExternalSyntheticLambda1.run(D8$$SyntheticClass:0)
10-07 22:29:34.630 E/unknown:ReactHost( 7439): 	at java.util.concurrent.ThreadPoolExecutor.runWorker(ThreadPoolExecutor.java:1167)
10-07 22:29:34.630 E/unknown:ReactHost( 7439): 	at java.util.concurrent.ThreadPoolExecutor$Worker.run(ThreadPoolExecutor.java:641)
10-07 22:29:34.630 E/unknown:ReactHost( 7439): 	at java.lang.Thread.run(Thread.java:764)
10-07 22:29:34.631 W/unknown:BridgelessReact( 7439): ReactHost{0}.getOrCreateReloadTask(): Resetting createReactInstance task ref
10-07 22:29:34.631 W/unknown:BridgelessReact( 7439): ReactHost{0}.getOrCreateReloadTask(): Starting React Native reload
10-07 22:29:34.632 W/unknown:BridgelessReact( 7439): ReactHost{0}.getOrCreateReloadTask(): Calling ReactContext.onHostPause()
10-07 22:29:34.632 W/unknown:BridgelessReact( 7439): ReactHost{0}.raiseSoftException(callWithExistingReactInstance(callFunctionOnModule("RCTDeviceEventEmitter", "emit"))): Execute: reactInstance is null. Dropping work.
10-07 22:29:34.633 E/unknown:ReactHost( 7439): Unhandled SoftException
10-07 22:29:34.633 E/unknown:ReactHost( 7439): com.facebook.react.bridge.ReactNoCrashSoftException: raiseSoftException(callWithExistingReactInstance(callFunctionOnModule("RCTDeviceEventEmitter", "emit"))): Execute: reactInstance is null. Dropping work.
10-07 22:29:34.633 E/unknown:ReactHost( 7439): 	at com.facebook.react.runtime.ReactHostImpl.raiseSoftException(ReactHostImpl.kt:787)
10-07 22:29:34.633 E/unknown:ReactHost( 7439): 	at com.facebook.react.runtime.ReactHostImpl.raiseSoftException$default(ReactHostImpl.kt:779)
10-07 22:29:34.633 E/unknown:ReactHost( 7439): 	at com.facebook.react.runtime.ReactHostImpl.callWithExistingReactInstance$lambda$28(ReactHostImpl.kt:802)
10-07 22:29:34.633 E/unknown:ReactHost( 7439): 	at com.facebook.react.runtime.ReactHostImpl.$r8$lambda$6NreFt2BcPly8g6qrNV9Z1C-YmU(Unknown Source:0)
10-07 22:29:34.633 E/unknown:ReactHost( 7439): 	at com.facebook.react.runtime.ReactHostImpl$$ExternalSyntheticLambda31.then(D8$$SyntheticClass:0)
10-07 22:29:34.633 E/unknown:ReactHost( 7439): 	at com.facebook.react.runtime.internal.bolts.Task$Companion.completeImmediately$lambda$3(Task.kt:356)
10-07 22:29:34.633 E/unknown:ReactHost( 7439): 	at com.facebook.react.runtime.internal.bolts.Task$Companion.$r8$lambda$b7MTC0ufkn_2TjF4BGcNqGR9qK0(Unknown Source:0)
10-07 22:29:34.633 E/unknown:ReactHost( 7439): 	at com.facebook.react.runtime.internal.bolts.Task$Companion$$ExternalSyntheticLambda3.run(D8$$SyntheticClass:0)
10-07 22:29:34.633 E/unknown:ReactHost( 7439): 	at com.facebook.react.runtime.internal.bolts.Executors$ImmediateExecutor.execute(Executors.kt:41)
10-07 22:29:34.633 E/unknown:ReactHost( 7439): 	at com.facebook.react.runtime.internal.bolts.Task$Companion.completeImmediately(Task.kt:354)
10-07 22:29:34.633 E/unknown:ReactHost( 7439): 	at com.facebook.react.runtime.internal.bolts.Task$Companion.access$completeImmediately(Task.kt:250)
10-07 22:29:34.633 E/unknown:ReactHost( 7439): 	at com.facebook.react.runtime.internal.bolts.Task.continueWith(Task.kt:132)
10-07 22:29:34.633 E/unknown:ReactHost( 7439): 	at com.facebook.react.runtime.internal.bolts.Task.continueWith$default(Task.kt:117)
10-07 22:29:34.633 E/unknown:ReactHost( 7439): 	at com.facebook.react.runtime.internal.bolts.Task.onSuccess$lambda$12(Task.kt:174)
10-07 22:29:34.633 E/unknown:ReactHost( 7439): 	at com.facebook.react.runtime.internal.bolts.Task.$r8$lambda$l0wwo5AvbHxlwfI1R7CH_codxoo(Unknown Source:0)
10-07 22:29:34.633 E/unknown:ReactHost( 7439): 	at com.facebook.react.runtime.internal.bolts.Task$$ExternalSyntheticLambda2.then(D8$$SyntheticClass:0)
10-07 22:29:34.633 E/unknown:ReactHost( 7439): 	at com.facebook.react.runtime.internal.bolts.Task$Companion.completeAfterTask$lambda$5(Task.kt:390)
10-07 22:29:34.633 E/unknown:ReactHost( 7439): 	at com.facebook.react.runtime.internal.bolts.Task$Companion.$r8$lambda$IPpysnehFwANEiW061YzapkMdoE(Unknown Source:0)
10-07 22:29:34.633 E/unknown:ReactHost( 7439): 	at com.facebook.react.runtime.internal.bolts.Task$Companion$$ExternalSyntheticLambda4.run(D8$$SyntheticClass:0)
10-07 22:29:34.633 E/unknown:ReactHost( 7439): 	at com.facebook.react.runtime.internal.bolts.Executors$ImmediateExecutor.execute(Executors.kt:41)
10-07 22:29:34.633 E/unknown:ReactHost( 7439): 	at com.facebook.react.runtime.internal.bolts.Task$Companion.completeAfterTask(Task.kt:388)
10-07 22:29:34.633 E/unknown:ReactHost( 7439): 	at com.facebook.react.runtime.internal.bolts.Task$Companion.access$completeAfterTask(Task.kt:250)
10-07 22:29:34.633 E/unknown:ReactHost( 7439): 	at com.facebook.react.runtime.internal.bolts.Task.continueWithTask(Task.kt:156)
10-07 22:29:34.633 E/unknown:ReactHost( 7439): 	at com.facebook.react.runtime.internal.bolts.Task.onSuccess(Task.kt:169)
10-07 22:29:34.633 E/unknown:ReactHost( 7439): 	at com.facebook.react.runtime.ReactHostImpl.callWithExistingReactInstance(ReactHostImpl.kt:798)
10-07 22:29:34.633 E/unknown:ReactHost( 7439): 	at com.facebook.react.runtime.ReactHostImpl.callWithExistingReactInstance$default(ReactHostImpl.kt:791)
10-07 22:29:34.633 E/unknown:ReactHost( 7439): 	at com.facebook.react.runtime.ReactHostImpl.callFunctionOnModule$ReactAndroid_debug(ReactHostImpl.kt:687)
10-07 22:29:34.633 E/unknown:ReactHost( 7439): 	at com.facebook.react.runtime.BridgelessReactContext.emitDeviceEvent(BridgelessReactContext.kt:134)
10-07 22:29:34.633 E/unknown:ReactHost( 7439): 	at com.facebook.react.modules.appstate.AppStateModule.sendEvent(AppStateModule.kt:71)
10-07 22:29:34.633 E/unknown:ReactHost( 7439): 	at com.facebook.react.modules.appstate.AppStateModule.sendAppStateChangeEvent(AppStateModule.kt:75)
10-07 22:29:34.633 E/unknown:ReactHost( 7439): 	at com.facebook.react.modules.appstate.AppStateModule.onHostPause(AppStateModule.kt:48)
10-07 22:29:34.633 E/unknown:ReactHost( 7439): 	at com.facebook.react.bridge.ReactContext.onHostPause(ReactContext.java:302)
10-07 22:29:34.633 E/unknown:ReactHost( 7439): 	at com.facebook.react.runtime.ReactHostImpl.getOrCreateReloadTask$lambda$48(ReactHostImpl.kt:1196)
10-07 22:29:34.633 E/unknown:ReactHost( 7439): 	at com.facebook.react.runtime.ReactHostImpl.$r8$lambda$n_Y6aPKLobKy995EhenWeF-aRv4(Unknown Source:0)
10-07 22:29:34.633 E/unknown:ReactHost( 7439): 	at com.facebook.react.runtime.ReactHostImpl$$ExternalSyntheticLambda8.then(D8$$SyntheticClass:0)
10-07 22:29:34.633 E/unknown:ReactHost( 7439): 	at com.facebook.react.runtime.internal.bolts.Task$Companion.completeAfterTask$lambda$5(Task.kt:390)
10-07 22:29:34.633 E/unknown:ReactHost( 7439): 	at com.facebook.react.runtime.internal.bolts.Task$Companion.$r8$lambda$IPpysnehFwANEiW061YzapkMdoE(Unknown Source:0)
10-07 22:29:34.633 E/unknown:ReactHost( 7439): 	at com.facebook.react.runtime.internal.bolts.Task$Companion$$ExternalSyntheticLambda4.run(D8$$SyntheticClass:0)
10-07 22:29:34.633 E/unknown:ReactHost( 7439): 	at android.os.Handler.handleCallback(Handler.java:873)
10-07 22:29:34.633 E/unknown:ReactHost( 7439): 	at android.os
10-07 22:29:34.634 W/unknown:BridgelessReact( 7439): ReactHost{0}.getOrCreateReloadTask(): Stopping all React Native surfaces
10-07 22:29:34.634 E/unknown:SurfaceMountingManager( 7439): Stopping surface [1]
10-07 22:29:34.656 E/unknown:SurfaceMountingManager( 7439): Surface [1] was stopped on SurfaceMountingManager.
10-07 22:29:34.675 D/AndroidRuntime( 7439): Shutting down VM
--------- beginning of crash
10-07 22:29:34.676 E/AndroidRuntime( 7439): FATAL EXCEPTION: main
10-07 22:29:34.676 E/AndroidRuntime( 7439): Process: com.rnmapsghostrepro, PID: 7439
10-07 22:29:34.676 E/AndroidRuntime( 7439): java.lang.NullPointerException: Attempt to invoke interface method 'void com.google.maps.api.android.lib6.impl.bv.y(android.os.Bundle)' on a null object reference
10-07 22:29:34.676 E/AndroidRuntime( 7439): 	at com.google.maps.api.android.lib6.impl.cz.k(:com.google.android.gms.dynamite_mapsdynamite@214515065@21.45.15 (100400-0):0)
10-07 22:29:34.676 E/AndroidRuntime( 7439): 	at com.google.android.gms.maps.internal.q.aX(:com.google.android.gms.dynamite_mapsdynamite@214515065@21.45.15 (100400-0):9)
10-07 22:29:34.676 E/AndroidRuntime( 7439): 	at ef.onTransact(:com.google.android.gms.dynamite_mapsdynamite@214515065@21.45.15 (100400-0):4)
10-07 22:29:34.676 E/AndroidRuntime( 7439): 	at android.os.Binder.transact(Binder.java:667)
10-07 22:29:34.676 E/AndroidRuntime( 7439): 	at com.google.android.gms.internal.maps.zza.zzJ(com.google.android.gms:play-services-maps@@19.1.0:2)
10-07 22:29:34.676 E/AndroidRuntime( 7439): 	at com.google.android.gms.maps.internal.zzl.onSaveInstanceState(com.google.android.gms:play-services-maps@@19.1.0:3)
10-07 22:29:34.676 E/AndroidRuntime( 7439): 	at com.google.android.gms.maps.zzah.onSaveInstanceState(com.google.android.gms:play-services-maps@@19.1.0:3)
10-07 22:29:34.676 E/AndroidRuntime( 7439): 	at com.google.android.gms.dynamic.DeferredLifecycleHelper.onSaveInstanceState(com.google.android.gms:play-services-base@@18.4.0:1)
10-07 22:29:34.676 E/AndroidRuntime( 7439): 	at com.google.android.gms.maps.MapView.onSaveInstanceState(com.google.android.gms:play-services-maps@@19.1.0:1)
10-07 22:29:34.676 E/AndroidRuntime( 7439): 	at com.rnmaps.maps.MapView.onDetachedFromWindow(MapView.java:341)
10-07 22:29:34.676 E/AndroidRuntime( 7439): 	at android.view.View.dispatchDetachedFromWindow(View.java:18400)
10-07 22:29:34.676 E/AndroidRuntime( 7439): 	at android.view.ViewGroup.dispatchDetachedFromWindow(ViewGroup.java:3777)
10-07 22:29:34.676 E/AndroidRuntime( 7439): 	at android.view.ViewGroup.removeAllViewsInLayout(ViewGroup.java:5571)
10-07 22:29:34.676 E/AndroidRuntime( 7439): 	at android.view.ViewGroup.removeAllViews(ViewGroup.java:5517)
10-07 22:29:34.676 E/AndroidRuntime( 7439): 	at com.facebook.react.runtime.ReactSurfaceImpl.clear$lambda$4(ReactSurfaceImpl.kt:163)
10-07 22:29:34.676 E/AndroidRuntime( 7439): 	at com.facebook.react.runtime.ReactSurfaceImpl.$r8$lambda$fupgolvxY2KQGSXA_LRAkGz_o4Q(Unknown Source:0)
10-07 22:29:34.676 E/AndroidRuntime( 7439): 	at com.facebook.react.runtime.ReactSurfaceImpl$$ExternalSyntheticLambda0.run(D8$$SyntheticClass:0)
10-07 22:29:34.676 E/AndroidRuntime( 7439): 	at android.os.Handler.handleCallback(Handler.java:873)
10-07 22:29:34.676 E/AndroidRuntime( 7439): 	at android.os.Handler.dispatchMessage(Handler.java:99)
10-07 22:29:34.676 E/AndroidRuntime( 7439): 	at android.os.Looper.loop(Looper.java:193)
10-07 22:29:34.676 E/AndroidRuntime( 7439): 	at android.app.ActivityThread.main(ActivityThread.java:6669)
10-07 22:29:34.676 E/AndroidRuntime( 7439): 	at java.lang.reflect.Method.invoke(Native Method)
10-07 22:29:34.676 E/AndroidRuntime( 7439): 	at com.android.internal.os.RuntimeInit$MethodAndArgsCaller.run(RuntimeInit.java:493)
10-07 22:29:34.676 E/AndroidRuntime( 7439): 	at com.android.internal.os.ZygoteInit.main(ZygoteInit.java:858)
10-07 22:29:34.687 I/Process ( 7439): Sending signal. PID: 7439 SIG: 9
